<?xml version="1.0" encoding="UTF-8"?>
<!-- Generated by org.testng.reporters.JUnitReportReporter -->
<testsuite hostname="kirananx-mobl1" failures="0" tests="1" name="testcases.login" time="6.380" errors="0" timestamp="2022-11-10T14:53:55 IST" skipped="0">
  <testcase classname="testcases.login" name="login" time="6.380"/>
  <system-out/>
</testsuite> <!-- testcases.login -->
