<?xml version="1.0" encoding="UTF-8"?>
<!-- Generated by org.testng.reporters.JUnitReportReporter -->
<testsuite hostname="kirananx-mobl1" failures="0" tests="4" name="testcases.loginTest" time="68.144" errors="0" timestamp="2022-11-13T09:15:53 IST" skipped="0">
  <testcase classname="testcases.loginTest" name="LoginSuccesstest" time="21.583"/>
  <system-out/>
  <testcase classname="testcases.loginTest" name="ExternalDataTest" time="15.199"/>
  <system-out/>
  <testcase classname="testcases.loginTest" name="ParameterizedTest" time="16.498"/>
  <system-out/>
  <testcase classname="testcases.loginTest" name="LoginfailureTest" time="14.864"/>
  <system-out/>
</testsuite> <!-- testcases.loginTest -->
