<?xml version="1.0" encoding="UTF-8"?>
<!-- Generated by org.testng.reporters.JUnitReportReporter -->
<testsuite hostname="kirananx-mobl1" failures="0" tests="4" name="testcases.loginTest" time="40.261" errors="0" timestamp="2022-11-19T11:04:11 IST" skipped="0">
  <testcase classname="testcases.loginTest" name="LoginSuccesstest" time="9.190"/>
  <system-out/>
  <testcase classname="testcases.loginTest" name="ParameterizedTest" time="9.326"/>
  <system-out/>
  <testcase classname="testcases.loginTest" name="ExternalDataTest" time="11.421"/>
  <system-out/>
  <testcase classname="testcases.loginTest" name="LoginfailureTest" time="10.324"/>
  <system-out/>
</testsuite> <!-- testcases.loginTest -->
